<?xml version="1.0" encoding="UTF-8"?>
<!-- Generated by org.testng.reporters.JUnitReportReporter -->
<testsuite hostname="HME1487-Ashik-MacBook.local" failures="0" tests="2" name="Testcases.LoginPageTestcase" time="84.063" errors="0" timestamp="2025-03-02T16:42:21 IST" skipped="0">
  <testcase classname="Testcases.LoginPageTestcase" name="loginTest" time="39.713"/>
  <testcase classname="Testcases.LoginPageTestcase" name="loginTest" time="44.350"/>
</testsuite> <!-- Testcases.LoginPageTestcase -->
