<?xml version="1.0" encoding="UTF-8"?>
<!-- Generated by org.testng.reporters.JUnitReportReporter -->
<testsuite hostname="HME1487-Ashik-MacBook.local" failures="0" tests="1" name="Testcases.LoginPageTestcase" time="14.684" errors="0" timestamp="2025-03-06T14:21:51 IST" skipped="0">
  <testcase classname="Testcases.LoginPageTestcase" name="loginTest" time="14.684"/>
</testsuite> <!-- Testcases.LoginPageTestcase -->
