<?xml version="1.0" encoding="UTF-8"?>
<!-- Generated by org.testng.reporters.JUnitReportReporter -->
<testsuite hostname="HME1487-Ashik-MacBook.local" failures="0" tests="2" name="Testcases.LoginPageTestcase" time="36.377" errors="0" timestamp="2025-03-02T13:23:56 IST" skipped="0">
  <testcase classname="Testcases.LoginPageTestcase" name="loginTest" time="17.016"/>
  <testcase classname="Testcases.LoginPageTestcase" name="loginTest" time="19.361"/>
</testsuite> <!-- Testcases.LoginPageTestcase -->
