<?xml version="1.0" encoding="UTF-8"?>
<!-- Generated by org.testng.reporters.JUnitReportReporter -->
<testsuite hostname="HME1487-Ashik-MacBook.local" failures="0" tests="2" name="Testcases.LoginPageTestcase" time="65.540" errors="0" timestamp="2025-03-05T11:29:58 IST" skipped="0">
  <testcase classname="Testcases.LoginPageTestcase" name="loginTest" time="50.256"/>
  <testcase classname="Testcases.LoginPageTestcase" name="loginTest" time="15.284"/>
</testsuite> <!-- Testcases.LoginPageTestcase -->
