<?xml version="1.0" encoding="UTF-8"?>
<!-- Generated by org.testng.reporters.JUnitReportReporter -->
<testsuite hostname="HME1487-Ashik-MacBook.local" failures="0" tests="1" name="Testcases.LoginPageTestcase" time="5.683" errors="0" timestamp="2025-03-06T23:02:11 IST" skipped="0">
  <testcase classname="Testcases.LoginPageTestcase" name="loginTest" time="5.683"/>
</testsuite> <!-- Testcases.LoginPageTestcase -->
